<?xml version="1.0" encoding="utf-8"?><testsuites name="pytest tests"><testsuite name="pytest" errors="0" failures="0" skipped="0" tests="205" time="3.994" timestamp="2026-09-14T19:18:52.149702+08:00" hostname="dell-Precision-7960-Tower"><testcase classname="tests.contracts.test_config" name="test_d01_null_structure_no_resource_access" time="0.003" /><testcase classname="tests.contracts.test_config" name="test_c01_cli_no_torch_import_or_network" time="0.049" /><testcase classname="tests.contracts.test_config" name="test_c02_duplicate_or_nonfinite[{&quot;a&quot;:1,&quot;a&quot;:2}]" time="0.001" /><testcase classname="tests.contracts.test_config" name="test_c02_duplicate_or_nonfinite[{&quot;outer&quot;:{&quot;x&quot;:1,&quot;x&quot;:2}}]" time="0.000" /><testcase classname="tests.contracts.test_config" name="test_c02_duplicate_or_nonfinite[{&quot;lr&quot;:NaN}]" time="0.001" /><testcase classname="tests.contracts.test_config" name="test_c02_duplicate_or_nonfinite[{&quot;lr&quot;:Infinity}]" time="0.000" /><testcase classname="tests.contracts.test_config" name="test_yaml_duplicate_if_available" time="0.001" /><testcase classname="tests.contracts.test_config" name="test_c02_invalid_fields[defaults-steps-True]" time="0.003" /><testcase classname="tests.contracts.test_config" name="test_c02_invalid_fields[defaults-rho-1]" time="0.003" /><testcase classname="tests.contracts.test_config" name="test_c02_invalid_fields[defaults-lr-nan]" time="0.003" /><testcase classname="tests.contracts.test_config" name="test_c02_invalid_fields[defaults-weight_decay-0.1]" time="0.003" /><testcase classname="tests.contracts.test_config" name="test_c02_invalid_fields[probe-num_views-2]" time="0.003" /><testcase classname="tests.contracts.test_config" name="test_c02_invalid_fields[probe-regenerate_per_step-True]" time="0.005" /><testcase classname="tests.contracts.test_config" name="test_c02_invalid_fields[protocol-target_labels_visible-True]" time="0.003" /><testcase classname="tests.contracts.test_config" name="test_c02_invalid_fields[model_policy-allow_external_task_checkpoint-True]" time="0.003" /><testcase classname="tests.contracts.test_config" name="test_c02_invalid_fields[safety-automatic_ssh-True]" time="0.003" /><testcase classname="tests.contracts.test_config" name="test_unknown_nested_key" time="0.003" /><testcase classname="tests.contracts.test_config" name="test_illegal_override[profile]" time="0.003" /><testcase classname="tests.contracts.test_config" name="test_illegal_override[paths]" time="0.003" /><testcase classname="tests.contracts.test_config" name="test_illegal_override[experiment]" time="0.003" /><testcase classname="tests.contracts.test_config" name="test_resolution_provenance_and_immutability" time="0.005" /><testcase classname="tests.contracts.test_config" name="test_stage_inventory_no_checkpoint_or_label_requirement" time="0.005" /><testcase classname="tests.contracts.test_config" name="test_d01_stage_dependencies" time="0.008" /><testcase classname="tests.contracts.test_config" name="test_aasist_does_not_require_ssl" time="0.004" /><testcase classname="tests.contracts.test_config" name="test_source_training_external_dataset_forbidden" time="0.004" /><testcase classname="tests.contracts.test_config" name="test_approval_alone_is_not_lock" time="0.001" /><testcase classname="tests.contracts.test_config" name="test_changed_payload_rejects_approval" time="0.001" /><testcase classname="tests.contracts.test_config" name="test_local_permission_escalation_forbidden" time="0.003" /><testcase classname="tests.contracts.test_config" name="test_env_expansion_is_literal" time="0.000" /><testcase classname="tests.contracts.test_config" name="test_all_templates_validate" time="0.004" /><testcase classname="tests.contracts.test_config" name="test_training_resolver_does_not_inherit_ep_defaults" time="0.003" /><testcase classname="tests.contracts.test_data_l3" name="test_d02_delimited_csv_tsv_whitespace_and_sidecar" time="0.003" /><testcase classname="tests.contracts.test_data_l3" name="test_d02_json_and_jsonl_explicit_paths" time="0.001" /><testcase classname="tests.contracts.test_data_l3" name="test_d03_unknown_and_conflicting_labels_are_quarantined" time="0.014" /><testcase classname="tests.contracts.test_data_l3" name="test_reviewed_cross_dataset_group_mapping_is_hash_bound" time="0.007" /><testcase classname="tests.contracts.test_data_l3" name="test_split_review_and_immutable_manifests" time="0.012" /><testcase classname="tests.contracts.test_data_l3" name="test_d05_incremental_idempotency_and_d07_correction" time="0.027" /><testcase classname="tests.contracts.test_data_l3" name="test_d06_new_lineage_connecting_cross_role_groups_is_quarantined" time="0.016" /><testcase classname="tests.contracts.test_data_l3" name="test_d08_output_is_atomic_and_never_overwritten" time="0.007" /><testcase classname="tests.contracts.test_data_l3" name="test_d09_refresh_plan_distinguishes_append_from_source_dependencies" time="0.001" /><testcase classname="tests.contracts.test_data_l3" name="test_d10_preprocess_is_part_of_cache_identity_and_old_cache_is_rejected" time="0.002" /><testcase classname="tests.contracts.test_execution" name="test_inference_job_is_label_free_and_deterministically_sharded" time="0.001" /><testcase classname="tests.contracts.test_execution" name="test_inference_job_rejects_target_label_leak" time="0.001" /><testcase classname="tests.contracts.test_permissions" name="test_d03_explicit_reverse_mapping_and_unknown_quarantine" time="0.002" /><testcase classname="tests.contracts.test_permissions" name="test_unreviewed_label_policy_rejected" time="0.001" /><testcase classname="tests.contracts.test_permissions" name="test_changed_mapping_requires_new_review" time="0.001" /><testcase classname="tests.contracts.test_permissions" name="test_path_escape_rejected[../audio.wav]" time="0.000" /><testcase classname="tests.contracts.test_permissions" name="test_path_escape_rejected[/data/a.wav]" time="0.000" /><testcase classname="tests.contracts.test_permissions" name="test_path_escape_rejected[C:/a.wav]" time="0.000" /><testcase classname="tests.contracts.test_permissions" name="test_path_escape_rejected[C:a.wav]" time="0.000" /><testcase classname="tests.contracts.test_permissions" name="test_path_escape_rejected[a/../../x]" time="0.000" /><testcase classname="tests.contracts.test_permissions" name="test_path_escape_rejected[a\\x]" time="0.000" /><testcase classname="tests.contracts.test_permissions" name="test_path_escape_rejected[//server/share]" time="0.000" /><testcase classname="tests.contracts.test_permissions" name="test_path_escape_rejected[]" time="0.000" /><testcase classname="tests.contracts.test_permissions" name="test_root_confinement" time="0.001" /><testcase classname="tests.contracts.test_permissions" name="test_c03_manifest_whitelist" time="0.000" /><testcase classname="tests.contracts.test_permissions" name="test_d04_training_role_firewall[select]" time="0.000" /><testcase classname="tests.contracts.test_permissions" name="test_d04_training_role_firewall[cal0]" time="0.000" /><testcase classname="tests.contracts.test_permissions" name="test_d04_training_role_firewall[audit]" time="0.000" /><testcase classname="tests.contracts.test_permissions" name="test_d04_training_role_firewall[target_test]" time="0.000" /><testcase classname="tests.contracts.test_permissions" name="test_d04_training_role_firewall[control_test]" time="0.000" /><testcase classname="tests.contracts.test_permissions" name="test_d04_training_role_firewall[unassigned]" time="0.000" /><testcase classname="tests.contracts.test_permissions" name="test_d04_training_role_firewall[quarantine]" time="0.001" /><testcase classname="tests.contracts.test_permissions" name="test_source_job_wire_contract" time="0.001" /><testcase classname="tests.contracts.test_permissions" name="test_ssl_init_is_not_task_checkpoint" time="0.000" /><testcase classname="tests.contracts.test_permissions" name="test_resume_cannot_inject_external_or_changed_snapshot" time="0.000" /><testcase classname="tests.contracts.test_permissions" name="test_s05_export_contract_rejects_ineligible[changes0]" time="0.000" /><testcase classname="tests.contracts.test_permissions" name="test_s05_export_contract_rejects_ineligible[changes1]" time="0.001" /><testcase classname="tests.contracts.test_permissions" name="test_s05_export_contract_rejects_ineligible[changes2]" time="0.000" /><testcase classname="tests.contracts.test_permissions" name="test_s05_export_contract_rejects_ineligible[changes3]" time="0.000" /><testcase classname="tests.contracts.test_permissions" name="test_s05_export_contract_rejects_ineligible[changes4]" time="0.000" /><testcase classname="tests.contracts.test_permissions" name="test_s05_export_contract_rejects_ineligible[changes5]" time="0.000" /><testcase classname="tests.contracts.test_permissions" name="test_adaptation_import_boundary" time="0.007" /><testcase classname="tests.contracts.test_permissions" name="test_source_roles_distinct_from_adaptation_selection" time="0.000" /><testcase classname="tests.contracts.test_published_ports" name="test_unverified_published_ports_fail_explicitly[eata_audio_ep]" time="0.001" /><testcase classname="tests.contracts.test_published_ports" name="test_unverified_published_ports_fail_explicitly[memo_audio_ep_full]" time="0.000" /><testcase classname="tests.contracts.test_published_ports" name="test_unverified_published_ports_fail_explicitly[sar_audio_ep]" time="0.000" /><testcase classname="tests.contracts.test_published_ports" name="test_unverified_published_ports_fail_explicitly[t2a_audio_ep]" time="0.000" /><testcase classname="tests.contracts.test_published_ports" name="test_unverified_published_ports_fail_explicitly[tent_audio_ep]" time="0.000" /><testcase classname="tests.contracts.test_published_ports" name="test_comparison_group_rejects_checkpoint_advantage" time="0.000" /><testcase classname="tests.contracts.test_source_training" name="test_source_snapshot_seal_is_role_and_hash_bound" time="0.003" /><testcase classname="tests.contracts.test_source_training" name="test_source_snapshot_can_publish_a_label_free_encoding_view" time="0.002" /><testcase classname="tests.contracts.test_source_training" name="test_native_mapping_and_semantic_weights_are_reversed_from_canonical" time="0.000" /><testcase classname="tests.contracts.test_source_training" name="test_source_val_eer_and_selection_contract" time="0.000" /><testcase classname="tests.contracts.test_source_training" name="test_author_sources_are_pinned_when_local_repositories_exist" time="0.005" /><testcase classname="tests.contracts.test_source_training" name="test_smoke_and_external_runs_cannot_finalize_or_export" time="0.001" /><testcase classname="tests.contracts.test_source_training" name="test_full_run_finalization_uses_earliest_minimum_eer" time="0.002" /><testcase classname="tests.contracts.test_source_training" name="test_s08_weighted_microbatch_ddp_gradient_matches_global_batch" time="0.077" /><testcase classname="tests.contracts.test_source_training" name="test_recipe_compilation_keeps_only_source_roots_and_roles" time="0.005" /><testcase classname="tests.contracts.test_unified_labels" name="test_unified_pack_is_allmdf_compatible_and_preserves_lineage" time="0.005" /><testcase classname="tests.contracts.test_unified_labels" name="test_unified_reader_streams_numeric_canonical_label" time="0.004" /><testcase classname="tests.contracts.test_unified_labels" name="test_label_pack_is_immutable_and_hash_bound" time="0.004" /><testcase classname="tests.contracts.test_unified_labels" name="test_unified_reader_rejects_invalid_label" time="0.001" /><testcase classname="tests.integration.test_cached_suite" name="test_cache_to_mechanism_scores_to_seal" time="0.016" /><testcase classname="tests.unit.test_cache" name="test_cache_roundtrip_is_pickle_free_and_exact" time="0.003" /><testcase classname="tests.unit.test_cache" name="test_cache_rejects_missing_duplicate_and_changed_checkpoint" time="0.004" /><testcase classname="tests.unit.test_cache" name="test_cache_shards_merge_with_exact_coverage" time="0.007" /><testcase classname="tests.unit.test_cli" name="test_versions" time="0.000" /><testcase classname="tests.unit.test_cli" name="test_all_help[None]" time="0.009" /><testcase classname="tests.unit.test_cli" name="test_all_help[preflight]" time="0.008" /><testcase classname="tests.unit.test_cli" name="test_all_help[bind-artifacts]" time="0.008" /><testcase classname="tests.unit.test_cli" name="test_all_help[select-methods]" time="0.061" /><testcase classname="tests.unit.test_cli" name="test_all_help[freeze]" time="0.008" /><testcase classname="tests.unit.test_cli" name="test_all_help[resume]" time="0.008" /><testcase classname="tests.unit.test_cli" name="test_all_help[report]" time="0.008" /><testcase classname="tests.unit.test_cli" name="test_all_help[inspect-data]" time="0.009" /><testcase classname="tests.unit.test_cli" name="test_all_help[propose-data-contract]" time="0.008" /><testcase classname="tests.unit.test_cli" name="test_all_help[approve-contract]" time="0.008" /><testcase classname="tests.unit.test_cli" name="test_all_help[stage-data]" time="0.008" /><testcase classname="tests.unit.test_cli" name="test_all_help[propose-splits]" time="0.008" /><testcase classname="tests.unit.test_cli" name="test_all_help[build-manifests]" time="0.008" /><testcase classname="tests.unit.test_cli" name="test_all_help[ingest-delta]" time="0.008" /><testcase classname="tests.unit.test_cli" name="test_all_help[commit-snapshot]" time="0.008" /><testcase classname="tests.unit.test_cli" name="test_all_help[refresh-plan]" time="0.008" /><testcase classname="tests.unit.test_cli" name="test_all_help[prepare-labels]" time="0.008" /><testcase classname="tests.unit.test_cli" name="test_all_help[validate-labels]" time="0.008" /><testcase classname="tests.unit.test_cli" name="test_all_help[seal-source-manifests]" time="0.008" /><testcase classname="tests.unit.test_cli" name="test_all_help[prepare-inference-manifest]" time="0.008" /><testcase classname="tests.unit.test_cli" name="test_all_help[resolve-training-recipe]" time="0.008" /><testcase classname="tests.unit.test_cli" name="test_all_help[inspect-model]" time="0.009" /><testcase classname="tests.unit.test_cli" name="test_all_help[train-source]" time="0.008" /><testcase classname="tests.unit.test_cli" name="test_all_help[resume-source]" time="0.008" /><testcase classname="tests.unit.test_cli" name="test_all_help[finalize-training]" time="0.008" /><testcase classname="tests.unit.test_cli" name="test_all_help[export-frozen]" time="0.008" /><testcase classname="tests.unit.test_cli" name="test_all_help[seal-scores]" time="0.008" /><testcase classname="tests.unit.test_cli" name="test_all_help[evaluate]" time="0.008" /><testcase classname="tests.unit.test_cli" name="test_all_help[extract]" time="0.008" /><testcase classname="tests.unit.test_cli" name="test_all_help[merge-cache]" time="0.008" /><testcase classname="tests.unit.test_cli" name="test_all_help[build-artifacts]" time="0.009" /><testcase classname="tests.unit.test_cli" name="test_all_help[run-suite]" time="0.008" /><testcase classname="tests.unit.test_cli" name="test_all_help[validate]" time="0.008" /><testcase classname="tests.unit.test_cli" name="test_all_help[plan]" time="0.008" /><testcase classname="tests.unit.test_cli" name="test_real_commands_never_succeed[preflight]" time="0.016" /><testcase classname="tests.unit.test_cli" name="test_real_commands_never_succeed[bind-artifacts]" time="0.015" /><testcase classname="tests.unit.test_cli" name="test_real_commands_never_succeed[select-methods]" time="0.015" /><testcase classname="tests.unit.test_cli" name="test_real_commands_never_succeed[freeze]" time="0.014" /><testcase classname="tests.unit.test_cli" name="test_real_commands_never_succeed[resume]" time="0.015" /><testcase classname="tests.unit.test_cli" name="test_real_commands_never_succeed[report]" time="0.014" /><testcase classname="tests.unit.test_cli" name="test_local_profile_cannot_read_real_data" time="0.015" /><testcase classname="tests.unit.test_cli" name="test_plan_is_preview_and_no_overwrite" time="0.028" /><testcase classname="tests.unit.test_cli" name="test_unknown_method_and_registered_todo" time="0.001" /><testcase classname="tests.unit.test_ep" name="test_t01_t13_t14_production_serial_batch_and_document_reference[0-1-dtype0]" time="0.186" /><testcase classname="tests.unit.test_ep" name="test_t01_t13_t14_production_serial_batch_and_document_reference[0-1-dtype1]" time="0.003" /><testcase classname="tests.unit.test_ep" name="test_t01_t13_t14_production_serial_batch_and_document_reference[0-2-dtype0]" time="0.003" /><testcase classname="tests.unit.test_ep" name="test_t01_t13_t14_production_serial_batch_and_document_reference[0-2-dtype1]" time="0.003" /><testcase classname="tests.unit.test_ep" name="test_t01_t13_t14_production_serial_batch_and_document_reference[0-7-dtype0]" time="0.007" /><testcase classname="tests.unit.test_ep" name="test_t01_t13_t14_production_serial_batch_and_document_reference[0-7-dtype1]" time="0.007" /><testcase classname="tests.unit.test_ep" name="test_t01_t13_t14_production_serial_batch_and_document_reference[0-128-dtype0]" time="0.097" /><testcase classname="tests.unit.test_ep" name="test_t01_t13_t14_production_serial_batch_and_document_reference[0-128-dtype1]" time="0.084" /><testcase classname="tests.unit.test_ep" name="test_t01_t13_t14_production_serial_batch_and_document_reference[1-1-dtype0]" time="0.005" /><testcase classname="tests.unit.test_ep" name="test_t01_t13_t14_production_serial_batch_and_document_reference[1-1-dtype1]" time="0.004" /><testcase classname="tests.unit.test_ep" name="test_t01_t13_t14_production_serial_batch_and_document_reference[1-2-dtype0]" time="0.006" /><testcase classname="tests.unit.test_ep" name="test_t01_t13_t14_production_serial_batch_and_document_reference[1-2-dtype1]" time="0.006" /><testcase classname="tests.unit.test_ep" name="test_t01_t13_t14_production_serial_batch_and_document_reference[1-7-dtype0]" time="0.014" /><testcase classname="tests.unit.test_ep" name="test_t01_t13_t14_production_serial_batch_and_document_reference[1-7-dtype1]" time="0.014" /><testcase classname="tests.unit.test_ep" name="test_t01_t13_t14_production_serial_batch_and_document_reference[1-128-dtype0]" time="0.209" /><testcase classname="tests.unit.test_ep" name="test_t01_t13_t14_production_serial_batch_and_document_reference[1-128-dtype1]" time="0.188" /><testcase classname="tests.unit.test_ep" name="test_t01_t13_t14_production_serial_batch_and_document_reference[5-1-dtype0]" time="0.010" /><testcase classname="tests.unit.test_ep" name="test_t01_t13_t14_production_serial_batch_and_document_reference[5-1-dtype1]" time="0.009" /><testcase classname="tests.unit.test_ep" name="test_t01_t13_t14_production_serial_batch_and_document_reference[5-2-dtype0]" time="0.014" /><testcase classname="tests.unit.test_ep" name="test_t01_t13_t14_production_serial_batch_and_document_reference[5-2-dtype1]" time="0.013" /><testcase classname="tests.unit.test_ep" name="test_t01_t13_t14_production_serial_batch_and_document_reference[5-7-dtype0]" time="0.033" /><testcase classname="tests.unit.test_ep" name="test_t01_t13_t14_production_serial_batch_and_document_reference[5-7-dtype1]" time="0.033" /><testcase classname="tests.unit.test_ep" name="test_t01_t13_t14_production_serial_batch_and_document_reference[5-128-dtype0]" time="0.513" /><testcase classname="tests.unit.test_ep" name="test_t01_t13_t14_production_serial_batch_and_document_reference[5-128-dtype1]" time="0.507" /><testcase classname="tests.unit.test_ep" name="test_t02_t03_t04_gradient_and_geometry" time="0.002" /><testcase classname="tests.unit.test_ep" name="test_t05_t06_initial_margin_and_one_step_lambda_invariance" time="0.002" /><testcase classname="tests.unit.test_ep" name="test_t07_one_sided_margin_activation_and_final_diagnostics" time="0.003" /><testcase classname="tests.unit.test_ep" name="test_t08_projection_independent_matrices" time="0.001" /><testcase classname="tests.unit.test_ep" name="test_t09_head_nullspace_score_invariant" time="0.003" /><testcase classname="tests.unit.test_ep" name="test_t10_t13_reset_order_tail_shard_and_rotation" time="0.026" /><testcase classname="tests.unit.test_ep" name="test_t14_detect_mean_loss_and_shared_R_errors" time="0.002" /><testcase classname="tests.unit.test_ep" name="test_c03_c07_context_immutable_and_target_sidecar_invisible" time="0.004" /><testcase classname="tests.unit.test_ep" name="test_c10_numeric_failure_isolation_and_frozen_fallback" time="0.007" /><testcase classname="tests.unit.test_ep" name="test_invalid_contracts_never_numeric_fallback[nan]" time="0.001" /><testcase classname="tests.unit.test_ep" name="test_invalid_contracts_never_numeric_fallback[shape]" time="0.001" /><testcase classname="tests.unit.test_ep" name="test_invalid_contracts_never_numeric_fallback[orthogonal]" time="0.001" /><testcase classname="tests.unit.test_ep" name="test_invalid_contracts_never_numeric_fallback[margin]" time="0.001" /><testcase classname="tests.unit.test_ep" name="test_invalid_contracts_never_numeric_fallback[s0]" time="0.001" /><testcase classname="tests.unit.test_ep" name="test_invalid_contracts_never_numeric_fallback[grad]" time="0.001" /><testcase classname="tests.unit.test_ep" name="test_invalid_contracts_never_numeric_fallback[half]" time="0.001" /><testcase classname="tests.unit.test_ep" name="test_invalid_contracts_never_numeric_fallback[role]" time="0.001" /><testcase classname="tests.unit.test_ep" name="test_invalid_contracts_never_numeric_fallback[channel]" time="0.001" /><testcase classname="tests.unit.test_ep" name="test_original_score_overflow_rejected_and_no_grad_supported" time="0.003" /><testcase classname="tests.unit.test_evaluation" name="test_t20_metrics_and_labels_only_after_seal" time="0.010" /><testcase classname="tests.unit.test_evaluation" name="test_score_seal_rejects_target_annotations" time="0.001" /><testcase classname="tests.unit.test_mechanisms" name="test_p0_reference_controls_and_matched_static_budget" time="0.002" /><testcase classname="tests.unit.test_mechanisms" name="test_entropy_and_memo_are_distinct_and_scalar_grid_is_exact" time="0.002" /><testcase classname="tests.unit.test_mechanisms" name="test_required_mechanisms_run_with_fresh_per_sample_state[ep_tta]" time="0.002" /><testcase classname="tests.unit.test_mechanisms" name="test_required_mechanisms_run_with_fresh_per_sample_state[ep_no_keep]" time="0.002" /><testcase classname="tests.unit.test_mechanisms" name="test_required_mechanisms_run_with_fresh_per_sample_state[ep_random_U]" time="0.003" /><testcase classname="tests.unit.test_mechanisms" name="test_required_mechanisms_run_with_fresh_per_sample_state[ep_feature_pca_U]" time="0.003" /><testcase classname="tests.unit.test_mechanisms" name="test_required_mechanisms_run_with_fresh_per_sample_state[ep_no_projection]" time="0.002" /><testcase classname="tests.unit.test_mechanisms" name="test_required_mechanisms_run_with_fresh_per_sample_state[entropy_same_adapter_no_keep]" time="0.003" /><testcase classname="tests.unit.test_mechanisms" name="test_required_mechanisms_run_with_fresh_per_sample_state[entropy_same_adapter]" time="0.003" /><testcase classname="tests.unit.test_mechanisms" name="test_required_mechanisms_run_with_fresh_per_sample_state[memo_same_adapter_no_keep]" time="0.002" /><testcase classname="tests.unit.test_mechanisms" name="test_required_mechanisms_run_with_fresh_per_sample_state[memo_same_adapter_keep]" time="0.003" /><testcase classname="tests.unit.test_mechanisms" name="test_required_mechanisms_run_with_fresh_per_sample_state[ep_keep_l2]" time="0.002" /><testcase classname="tests.unit.test_mechanisms" name="test_required_mechanisms_run_with_fresh_per_sample_state[ep_keep_logit]" time="0.002" /><testcase classname="tests.unit.test_mechanisms" name="test_required_mechanisms_run_with_fresh_per_sample_state[source_ce_only]" time="0.002" /><testcase classname="tests.unit.test_mechanisms" name="test_required_mechanisms_run_with_fresh_per_sample_state[ep_diagonal_R]" time="0.003" /><testcase classname="tests.unit.test_mechanisms" name="test_fisher_formula_matches_per_sample_autograd_and_regularizer_runs" time="0.002" /><testcase classname="tests.unit.test_mechanisms" name="test_subspace_estimators_are_orthonormal_and_semantically_distinct" time="0.001" /><testcase classname="tests.unit.test_mechanisms" name="test_all_methods_keep_same_frozen_bundle_identity" time="0.001" /><testcase classname="tests.unit.test_mechanisms" name="test_source_only_anchor_calibration_and_fixed_adapter_artifacts" time="0.003" /></testsuite></testsuites>